c:\dev\cppgame\game\game\debug\vc143.pdb
c:\dev\cppgame\game\game\debug\vc143.idb
c:\dev\cppgame\game\game\debug\main.obj
c:\dev\cppgame\game\game\debug\shader.obj
c:\dev\cppgame\game\game\debug\mytime.obj
c:\dev\cppgame\game\game\debug\graphics.obj
c:\dev\cppgame\game\game\debug\vertexbuffer.obj
c:\dev\cppgame\game\game\debug\vertexarray.obj
c:\dev\cppgame\game\game\debug\indexbuffer.obj
c:\dev\cppgame\game\debug\game.pdb
c:\dev\cppgame\game\game\debug\game.tlog\cl.command.1.tlog
c:\dev\cppgame\game\game\debug\game.tlog\cl.read.1.tlog
c:\dev\cppgame\game\game\debug\game.tlog\cl.write.1.tlog
c:\dev\cppgame\game\game\debug\game.tlog\link-cvtres.read.1.tlog
c:\dev\cppgame\game\game\debug\game.tlog\link-cvtres.write.1.tlog
c:\dev\cppgame\game\game\debug\game.tlog\link-rc.read.1.tlog
c:\dev\cppgame\game\game\debug\game.tlog\link-rc.write.1.tlog
c:\dev\cppgame\game\game\debug\game.tlog\link.30528-cvtres.read.1.tlog
c:\dev\cppgame\game\game\debug\game.tlog\link.30528-cvtres.write.1.tlog
c:\dev\cppgame\game\game\debug\game.tlog\link.30528-rc.read.1.tlog
c:\dev\cppgame\game\game\debug\game.tlog\link.30528-rc.write.1.tlog
c:\dev\cppgame\game\game\debug\game.tlog\link.30528.read.1.tlog
c:\dev\cppgame\game\game\debug\game.tlog\link.30528.write.1.tlog
c:\dev\cppgame\game\game\debug\game.tlog\link.command.1.tlog
c:\dev\cppgame\game\game\debug\game.tlog\link.read.1.tlog
c:\dev\cppgame\game\game\debug\game.tlog\link.write.1.tlog
